<?xml version="1.0" encoding="UTF-8"?>
<!-- Generated by org.testng.reporters.JUnitReportReporter -->
<testsuite skipped="0" hostname="win" name="com.qa.tests.DELETEAPITest" tests="1" failures="0" timestamp="2020-10-04T10:58:06 IST" time="0.484" errors="0">
  <testcase name="testDELETEMethod" time="0.484" classname="com.qa.tests.DELETEAPITest"/>
  <system-out/>
</testsuite> <!-- com.qa.tests.DELETEAPITest -->
