<?xml version="1.0" encoding="UTF-8"?>
<!-- Generated by org.testng.reporters.JUnitReportReporter -->
<testsuite skipped="0" hostname="win" name="com.qa.tests.PUTAPITest" tests="1" failures="0" timestamp="2020-10-02T12:17:08 IST" time="0.905" errors="0">
  <testcase name="testPUTMethod" time="0.905" classname="com.qa.tests.PUTAPITest"/>
  <system-out/>
</testsuite> <!-- com.qa.tests.PUTAPITest -->
