<?xml version="1.0" encoding="UTF-8"?>
<!-- Generated by org.testng.reporters.JUnitReportReporter -->
<testsuite skipped="0" hostname="win" name="com.qa.tests.GETAPITest" tests="2" failures="0" timestamp="2020-10-04T10:58:06 IST" time="1.813" errors="0">
  <testcase name="testGETMethodWithHeaders" time="1.360" classname="com.qa.tests.GETAPITest"/>
  <system-out/>
  <testcase name="testGETMethod" time="0.453" classname="com.qa.tests.GETAPITest"/>
  <system-out/>
</testsuite> <!-- com.qa.tests.GETAPITest -->
