<?xml version="1.0" encoding="UTF-8"?>
<!-- Generated by org.testng.reporters.JUnitReportReporter -->
<testsuite skipped="0" hostname="win" name="com.qa.tests.POSTAPITest" tests="1" failures="0" timestamp="2020-10-04T10:58:06 IST" time="1.025" errors="0">
  <testcase name="testPOSTMethod" time="1.025" classname="com.qa.tests.POSTAPITest"/>
  <system-out/>
</testsuite> <!-- com.qa.tests.POSTAPITest -->
