<?xml version="1.0" encoding="UTF-8"?>
<!-- Generated by org.testng.reporters.JUnitReportReporter -->
<testsuite skipped="0" hostname="win" name="com.qa.tests.GETAPITest" tests="2" failures="0" timestamp="2020-10-02T12:17:08 IST" time="12.131" errors="0">
  <testcase name="testGETMethod" time="11.238" classname="com.qa.tests.GETAPITest"/>
  <system-out/>
  <testcase name="testGETMethodWithHeaders" time="0.893" classname="com.qa.tests.GETAPITest"/>
  <system-out/>
</testsuite> <!-- com.qa.tests.GETAPITest -->
